
Building configuration...

Current configuration : 4155 bytes
!
! Last configuration change at 14:17:18 UTC Mon Mar 12 2018
!
version 16.6
service timestamps debug datetime msec
service timestamps log datetime msec
platform qfp utilization monitor load 80
no platform punt-keepalive disable-kernel-core
platform console serial
!
hostname CSR2
!
boot-start-marker
boot-end-marker
!
!
!
no aaa new-model
!
!
!
!
!
!
!
!
!
no ip domain lookup
!
!
!
!
!
!
!
!
!
!
subscriber templating
! 
! 
! 
! 
!
!
!
multilink bundle-name authenticated
!
!
!
!
!
crypto pki trustpoint TP-self-signed-291686956
 enrollment selfsigned
 subject-name cn=IOS-Self-Signed-Certificate-291686956
 revocation-check none
 rsakeypair TP-self-signed-291686956
!
!
crypto pki certificate chain TP-self-signed-291686956
 certificate self-signed 01
  3082032E 30820216 A0030201 02020101 300D0609 2A864886 F70D0101 05050030 
  30312E30 2C060355 04031325 494F532D 53656C66 2D536967 6E65642D 43657274 
  69666963 6174652D 32393136 38363935 36301E17 0D313830 33313031 36323535 
  315A170D 32303031 30313030 30303030 5A303031 2E302C06 03550403 1325494F 
  532D5365 6C662D53 69676E65 642D4365 72746966 69636174 652D3239 31363836 
  39353630 82012230 0D06092A 864886F7 0D010101 05000382 010F0030 82010A02 
  82010100 B100F510 70D79273 C7A6DE26 23734D35 D97B5E1F 5E3730BB 0C193442 
  AB1628A1 AB9D9DD4 F20C7EA3 78E1A8DE 3E89D108 55F6E605 37BCDC29 C4EABC9A 
  C8AB8B6F 67655782 510C5BEA BCB0869B E944DC14 2348553C 4A13AB62 2633DFEC 
  22F2FB34 F0390C9F F9FC9898 E568DB7B 83F98843 34ECB996 933344D3 C1E6E34A 
  FF44774A 94D3B6A1 3750622F 18FA98C8 A38ED84D F18769C4 F1DFB758 DB52FBF5 
  40784815 2CBB8D8E 2224FEC4 0990DFAD A0B6CE35 11B6A0F8 678D1022 CD8C2839 
  A13331D9 CBE8443C CBED8AD9 D72EBD77 BDBE8ECC 06E0ADF9 CFC402BA EC7D1011 
  FDDF00F0 6C541E7D DA64363A C24ABF36 B4A3BCDD 7BCDA9B8 6A479EE1 1C077F7D 
  AC7E2713 02030100 01A35330 51300F06 03551D13 0101FF04 05300301 01FF301F 
  0603551D 23041830 16801422 D084A6DE C44F2698 69A8E9CA 5B4EBD71 AC0CE830 
  1D060355 1D0E0416 041422D0 84A6DEC4 4F269869 A8E9CA5B 4EBD71AC 0CE8300D 
  06092A86 4886F70D 01010505 00038201 010030BC 9D9F21FD 4C309E73 05EEC2BD 
  2D27DF97 329F3C3A 185F7C05 C07CC736 093BC677 DEC82F4F C6FF5297 2C1F6444 
  E5FB8E1B C08DB1A7 389C85C7 45C04A3C 6F4DD68F A3162B65 78AC1882 28B90FBE 
  B8938DD0 AA8E7B3C D1846F9E B4FB4021 83FB963A 3A9E38D3 2FF4E523 B1ACA89C 
  26FB5670 E0234CE6 F343F180 B761A7E5 0D491E5C F4C1209D 0396A21C 5CA53F4D 
  B9744AF8 E0A61A2A EEC0B3E6 14BED5AF 979C9D44 656E0F89 A43CFFC3 6C3665AD 
  B54AD382 1275C18D 902A7C70 58C686CF 162ACC12 EAE894CA E72FB925 DF9CEA40 
  1F4A181E 824603E1 36879ADC EAFC88E2 70E89EA5 D659FE2C 382997A8 CAB4CB10 
  7FB4D0C0 588620E3 99B45580 A8BE1257 992F
  	quit
!
!
!
!
!
!
!
!
!
license udi pid CSR1000V sn 98XNUWZU9W4
diagnostic bootup level minimal
spanning-tree extend system-id
!
!
!
username cisco privilege 15 secret 5 $1$/mjU$rVrXEx4D9lk78BFA6JX1s1
username nbmt privilege 15 secret 5 $1$t8xh$k8TFtukOVDzOqzlZCCqZJ/
!
redundancy
!
!
!
!
!
!
! 
!
!
!
!
!
!
!
!
!
!
!
!
! 
! 
!
!
interface Loopback0
 ip address 5.5.5.5 255.255.255.0
!
interface GigabitEthernet1
 description Mgmt
 ip address 192.168.1.202 255.255.255.0 secondary
 ip address 172.16.1.102 255.255.255.0
 negotiation auto
 no mop enabled
 no mop sysid
!
interface GigabitEthernet2
 no ip address
 shutdown
 negotiation auto
 no mop enabled
 no mop sysid
!
interface GigabitEthernet3
 no ip address
 shutdown
 negotiation auto
 no mop enabled
 no mop sysid
!
interface GigabitEthernet4
 no ip address
 shutdown
 negotiation auto
 no mop enabled
 no mop sysid
!
interface GigabitEthernet5
 no ip address
 shutdown
 negotiation auto
 no mop enabled
 no mop sysid
!
interface GigabitEthernet6
 no ip address
 shutdown
 negotiation auto
 no mop enabled
 no mop sysid
!
!
virtual-service csr_mgmt
!
ip forward-protocol nd
ip http server
ip http authentication local
ip http secure-server
!
ip ssh server algorithm encryption aes128-ctr aes192-ctr aes256-ctr
ip ssh client algorithm encryption aes128-ctr aes192-ctr aes256-ctr
ip scp server enable
!
!
!
!
!
control-plane
!
!
!
!
!
!
line con 0
 stopbits 1
line vty 0 4
 login local
 transport input all
!
!
!
!
!
!
end
