

## Last commit: 2018-03-12 14:16:56 UTC by lab
version 14.1R1.10;
system {
    host-name vMX-1;
    root-authentication {
        encrypted-password "$1$iiqdh9ru$CBQygri2MkpfgtgdGo8GO1";
    }
    login {
        user lab {
            uid 2000;
            class super-user;
            authentication {
                encrypted-password "$1$Alb2g/aU$o9F5yINpPaUakvyHoNdij/";
            }
        }
        user nbmt {
            uid 2001;
            class super-user;
            authentication {
                encrypted-password "$1$Uwm2.NzV$KeKBf2Rj4wKiZUnjwj4ZU1";
            }
        }
    }
    services {
        ssh;
        telnet {
            connection-limit 5;
        }
        netconf {
            ssh;
        }
    }
    syslog {
        user * {
            any emergency;
        }
        file messages {
            any notice;
            authorization info;
        }
        file interactive-commands {
            interactive-commands any;
        }
    }
}
interfaces {
    em0 {
        unit 0 {
            family inet {
                address 172.16.1.101/24;
                address 192.168.1.201/24;
            }
        }
    }
}

