
Building configuration...
!! IOS XR Configuration 6.1.3
!! Last configuration change at Mon Mar 12 14:14:57 2018 by cisco
!
hostname XRv
logging console debugging
telnet vrf default ipv4 server max-servers 5
interface Loopback0
 ipv4 address 5.5.5.5 255.255.255.0
!
interface MgmtEth0/0/CPU0/0
 ipv4 address 172.16.1.104 255.255.255.0
 ipv4 address 192.168.1.204 255.255.255.0 secondary
!
interface GigabitEthernet0/0/0/0
 shutdown
!
interface GigabitEthernet0/0/0/1
 shutdown
!
interface GigabitEthernet0/0/0/2
 shutdown
!
interface GigabitEthernet0/0/0/3
 shutdown
!
interface GigabitEthernet0/0/0/4
 shutdown
!
xml agent tty
 iteration off
!
ssh server v2
end
