
Building configuration...

Current configuration : 4217 bytes
!
! Last configuration change at 14:17:26 UTC Mon Mar 12 2018
!
version 16.6
service timestamps debug datetime msec
service timestamps log datetime msec
platform qfp utilization monitor load 80
no platform punt-keepalive disable-kernel-core
platform console serial
!
hostname CSR3
!
boot-start-marker
boot-end-marker
!
!
!
no aaa new-model
!
!
!
!
!
!
!
!
!
no ip domain lookup
!
!
!
!
!
!
!
!
!
!
subscriber templating
! 
! 
! 
! 
!
!
!
multilink bundle-name authenticated
!
!
!
!
!
crypto pki trustpoint TP-self-signed-2954359045
 enrollment selfsigned
 subject-name cn=IOS-Self-Signed-Certificate-2954359045
 revocation-check none
 rsakeypair TP-self-signed-2954359045
!
!
crypto pki certificate chain TP-self-signed-2954359045
 certificate self-signed 01
  30820330 30820218 A0030201 02020101 300D0609 2A864886 F70D0101 05050030 
  31312F30 2D060355 04031326 494F532D 53656C66 2D536967 6E65642D 43657274 
  69666963 6174652D 32393534 33353930 3435301E 170D3138 30333130 31363235 
  34355A17 0D323030 31303130 30303030 305A3031 312F302D 06035504 03132649 
  4F532D53 656C662D 5369676E 65642D43 65727469 66696361 74652D32 39353433 
  35393034 35308201 22300D06 092A8648 86F70D01 01010500 0382010F 00308201 
  0A028201 0100AF15 A4CC4714 F659D757 3841B9A1 C2144525 C8A93373 F7EFB701 
  02941C1A 49212D59 6F580EC4 76375D57 C9436829 2BA53E67 BDD01F12 A122FD69 
  B9A265EE 057A5452 A5068E12 B4429D1E DA994DBF 464AACEE 7D8AD666 DEE472FE 
  97303570 C652BF2D 1350EB9A 6188023C 3FBD2D00 3F247766 6CD32F9B ED098581 
  98C98FC2 5A4D533A F17D0D20 8B9F79B2 1EB4D877 CBF30235 D8B2B1D2 4739F80B 
  C5E4B52C F7198A6F 6C57BDBE A9B38948 28311D9F 772ED4CF CBB87289 516E1127 
  A5E9E965 B1B45A4C 8E8A14E4 F6C5F7B7 FD9C3FDD 8D6B36E8 2B9DCB20 0F2FAD47 
  1278EE06 5FE584B0 8EF13D5B 688D6CB4 C84613CE E76C43B3 792257E8 55085A69 
  D4432AB6 92ED0203 010001A3 53305130 0F060355 1D130101 FF040530 030101FF 
  301F0603 551D2304 18301680 14F62A7F E72B0E34 33802E01 BE5D6EEB 6C4A8C53 
  D5301D06 03551D0E 04160414 F62A7FE7 2B0E3433 802E01BE 5D6EEB6C 4A8C53D5 
  300D0609 2A864886 F70D0101 05050003 82010100 8065BED7 7503CC2E 15B261AA 
  65EA7A7F 7657D36B A9755E15 CFA01145 A90C90B5 67AFC7E3 4F499766 555EA18B 
  14EC66FA FA2DCF51 68F51E81 35D5159D E1737110 CE018715 14436582 46CADCA0 
  8A8DC8DE 3DCCF507 EB0F040C DFB9FD36 50ED38E6 93899532 C280E49C 60B28C7F 
  C888091F A38D7C1E 839CB4C7 69A312DA D9A79909 56E02B8B 1F3CBDBA 7FE8E4C1 
  4EC23051 8AE7AC52 87BEDDB3 A84995B4 DB882859 D54363FA 26C872CE 8E76B5B4 
  1323F812 7039B170 C255B227 DA929B4D 7377BE8F 7A68625D 1D5FD263 6595B63E 
  79B529BA 61479C71 2E4CF5BF AFE5B996 170057D4 ADFD03C9 755C0865 9F4B3343 
  C839F78B F53E76E3 91A25382 B8FB8542 1F87C97D
  	quit
!
!
!
!
!
!
!
!
!
license udi pid CSR1000V sn 91MOVXHQOT0
diagnostic bootup level minimal
spanning-tree extend system-id
!
!
!
username cisco privilege 15 secret 5 $1$NCaf$w4rLEWTmJH5Jf0FASad09.
username nbmt privilege 15 secret 5 $1$SKUA$mBQq1kRpgk5wHur/0Mk/r.
!
redundancy
!
!
!
!
!
!
! 
!
!
!
!
!
!
!
!
!
!
!
!
! 
! 
!
!
interface Loopback0
 ip address 5.5.5.5 255.255.255.0
!
interface GigabitEthernet1
 description Mgmt
 ip address 192.168.1.203 255.255.255.0 secondary
 ip address 172.16.1.103 255.255.255.0
 negotiation auto
 no mop enabled
 no mop sysid
!
interface GigabitEthernet2
 no ip address
 shutdown
 negotiation auto
 no mop enabled
 no mop sysid
!
interface GigabitEthernet3
 no ip address
 shutdown
 negotiation auto
 no mop enabled
 no mop sysid
!
interface GigabitEthernet4
 no ip address
 shutdown
 negotiation auto
 no mop enabled
 no mop sysid
!
interface GigabitEthernet5
 no ip address
 shutdown
 negotiation auto
 no mop enabled
 no mop sysid
!
interface GigabitEthernet6
 no ip address
 shutdown
 negotiation auto
 no mop enabled
 no mop sysid
!
!
virtual-service csr_mgmt
!
ip forward-protocol nd
ip http server
ip http authentication local
ip http secure-server
ip route 0.0.0.0 0.0.0.0 GigabitEthernet1 192.168.1.1
!
ip ssh server algorithm encryption aes128-ctr aes192-ctr aes256-ctr
ip ssh client algorithm encryption aes128-ctr aes192-ctr aes256-ctr
ip scp server enable
!
!
!
!
!
control-plane
!
!
!
!
!
!
line con 0
 stopbits 1
line vty 0 4
 login local
 transport input all
!
!
!
!
!
!
end
